[0.381s] Invoking command in '/home/sp/ros2/ros2_ws/src/f_robot_controller': PYTHONPATH=/home/sp/ros2/ros2_ws/build/f_robot_controller/prefix_override:/home/sp/ros2/ros2_ws/install/f_robot_controller/lib/python3.10/site-packages:${PYTHONPATH} /usr/bin/python3 setup.py egg_info --egg-base ../../build/f_robot_controller build --build-base /home/sp/ros2/ros2_ws/build/f_robot_controller/build install --record /home/sp/ros2/ros2_ws/build/f_robot_controller/install.log --single-version-externally-managed
[0.510s] running egg_info
[0.510s] writing ../../build/f_robot_controller/f_robot_controller.egg-info/PKG-INFO
[0.510s] writing dependency_links to ../../build/f_robot_controller/f_robot_controller.egg-info/dependency_links.txt
[0.510s] writing entry points to ../../build/f_robot_controller/f_robot_controller.egg-info/entry_points.txt
[0.510s] writing requirements to ../../build/f_robot_controller/f_robot_controller.egg-info/requires.txt
[0.510s] writing top-level names to ../../build/f_robot_controller/f_robot_controller.egg-info/top_level.txt
[0.511s] reading manifest file '../../build/f_robot_controller/f_robot_controller.egg-info/SOURCES.txt'
[0.512s] writing manifest file '../../build/f_robot_controller/f_robot_controller.egg-info/SOURCES.txt'
[0.512s] running build
[0.512s] running build_py
[0.512s] running install
[0.512s] running install_lib
[0.513s] running install_data
[0.513s] running install_egg_info
[0.514s] removing '/home/sp/ros2/ros2_ws/install/f_robot_controller/lib/python3.10/site-packages/f_robot_controller-0.0.0-py3.10.egg-info' (and everything under it)
[0.514s] Copying ../../build/f_robot_controller/f_robot_controller.egg-info to /home/sp/ros2/ros2_ws/install/f_robot_controller/lib/python3.10/site-packages/f_robot_controller-0.0.0-py3.10.egg-info
[0.514s] running install_scripts
[0.526s] writing list of installed files to '/home/sp/ros2/ros2_ws/build/f_robot_controller/install.log'
[0.540s] Invoked command in '/home/sp/ros2/ros2_ws/src/f_robot_controller' returned '0': PYTHONPATH=/home/sp/ros2/ros2_ws/build/f_robot_controller/prefix_override:/home/sp/ros2/ros2_ws/install/f_robot_controller/lib/python3.10/site-packages:${PYTHONPATH} /usr/bin/python3 setup.py egg_info --egg-base ../../build/f_robot_controller build --build-base /home/sp/ros2/ros2_ws/build/f_robot_controller/build install --record /home/sp/ros2/ros2_ws/build/f_robot_controller/install.log --single-version-externally-managed
