[0.395s] Invoking command in '/home/sp/ros2/ros2_ws/src/f_robot_controller': PYTHONPATH=/home/sp/ros2/ros2_ws/build/f_robot_controller/prefix_override:/home/sp/ros2/ros2_ws/install/f_robot_controller/lib/python3.10/site-packages:${PYTHONPATH} /usr/bin/python3 setup.py egg_info --egg-base ../../build/f_robot_controller build --build-base /home/sp/ros2/ros2_ws/build/f_robot_controller/build install --record /home/sp/ros2/ros2_ws/build/f_robot_controller/install.log --single-version-externally-managed
[0.512s] running egg_info
[0.512s] creating ../../build/f_robot_controller/f_robot_controller.egg-info
[0.512s] writing ../../build/f_robot_controller/f_robot_controller.egg-info/PKG-INFO
[0.512s] writing dependency_links to ../../build/f_robot_controller/f_robot_controller.egg-info/dependency_links.txt
[0.512s] writing entry points to ../../build/f_robot_controller/f_robot_controller.egg-info/entry_points.txt
[0.512s] writing requirements to ../../build/f_robot_controller/f_robot_controller.egg-info/requires.txt
[0.512s] writing top-level names to ../../build/f_robot_controller/f_robot_controller.egg-info/top_level.txt
[0.512s] writing manifest file '../../build/f_robot_controller/f_robot_controller.egg-info/SOURCES.txt'
[0.513s] reading manifest file '../../build/f_robot_controller/f_robot_controller.egg-info/SOURCES.txt'
[0.514s] writing manifest file '../../build/f_robot_controller/f_robot_controller.egg-info/SOURCES.txt'
[0.514s] running build
[0.514s] running build_py
[0.514s] creating /home/sp/ros2/ros2_ws/build/f_robot_controller/build
[0.514s] creating /home/sp/ros2/ros2_ws/build/f_robot_controller/build/lib
[0.514s] creating /home/sp/ros2/ros2_ws/build/f_robot_controller/build/lib/f_robot_controller
[0.514s] copying f_robot_controller/__init__.py -> /home/sp/ros2/ros2_ws/build/f_robot_controller/build/lib/f_robot_controller
[0.514s] running install
[0.515s] /usr/lib/python3/dist-packages/setuptools/command/install.py:34: SetuptoolsDeprecationWarning: setup.py install is deprecated. Use build and pip and other standards-based tools.
[0.515s]   warnings.warn(
[0.516s] running install_lib
[0.516s] creating /home/sp/ros2/ros2_ws/install/f_robot_controller/lib/python3.10/site-packages/f_robot_controller
[0.516s] copying /home/sp/ros2/ros2_ws/build/f_robot_controller/build/lib/f_robot_controller/__init__.py -> /home/sp/ros2/ros2_ws/install/f_robot_controller/lib/python3.10/site-packages/f_robot_controller
[0.516s] byte-compiling /home/sp/ros2/ros2_ws/install/f_robot_controller/lib/python3.10/site-packages/f_robot_controller/__init__.py to __init__.cpython-310.pyc
[0.516s] running install_data
[0.516s] creating /home/sp/ros2/ros2_ws/install/f_robot_controller/share/ament_index
[0.516s] creating /home/sp/ros2/ros2_ws/install/f_robot_controller/share/ament_index/resource_index
[0.516s] creating /home/sp/ros2/ros2_ws/install/f_robot_controller/share/ament_index/resource_index/packages
[0.516s] copying resource/f_robot_controller -> /home/sp/ros2/ros2_ws/install/f_robot_controller/share/ament_index/resource_index/packages
[0.517s] copying package.xml -> /home/sp/ros2/ros2_ws/install/f_robot_controller/share/f_robot_controller
[0.517s] running install_egg_info
[0.517s] Copying ../../build/f_robot_controller/f_robot_controller.egg-info to /home/sp/ros2/ros2_ws/install/f_robot_controller/lib/python3.10/site-packages/f_robot_controller-0.0.0-py3.10.egg-info
[0.518s] running install_scripts
[0.530s] writing list of installed files to '/home/sp/ros2/ros2_ws/build/f_robot_controller/install.log'
[0.544s] Invoked command in '/home/sp/ros2/ros2_ws/src/f_robot_controller' returned '0': PYTHONPATH=/home/sp/ros2/ros2_ws/build/f_robot_controller/prefix_override:/home/sp/ros2/ros2_ws/install/f_robot_controller/lib/python3.10/site-packages:${PYTHONPATH} /usr/bin/python3 setup.py egg_info --egg-base ../../build/f_robot_controller build --build-base /home/sp/ros2/ros2_ws/build/f_robot_controller/build install --record /home/sp/ros2/ros2_ws/build/f_robot_controller/install.log --single-version-externally-managed
